Determining if the pthread_create exist failed with the following output:
Change Dir: /home/nvidia/Robot/algorithm2/build/CMakeFiles/CMakeTmp

Run Build Command:"/usr/bin/make" "cmTC_22198/fast"
/usr/bin/make -f CMakeFiles/cmTC_22198.dir/build.make CMakeFiles/cmTC_22198.dir/build
make[1]: Entering directory '/home/nvidia/Robot/algorithm2/build/CMakeFiles/CMakeTmp'
Building C object CMakeFiles/cmTC_22198.dir/CheckSymbolExists.c.o
/usr/bin/cc   -fPIC    -o CMakeFiles/cmTC_22198.dir/CheckSymbolExists.c.o   -c /home/nvidia/Robot/algorithm2/build/CMakeFiles/CMakeTmp/CheckSymbolExists.c
Linking C executable cmTC_22198
/usr/local/bin/cmake -E cmake_link_script CMakeFiles/cmTC_22198.dir/link.txt --verbose=1
/usr/bin/cc -fPIC     -rdynamic CMakeFiles/cmTC_22198.dir/CheckSymbolExists.c.o  -o cmTC_22198 
CMakeFiles/cmTC_22198.dir/CheckSymbolExists.c.o: In function `main':
CheckSymbolExists.c:(.text+0x14): undefined reference to `pthread_create'
CheckSymbolExists.c:(.text+0x18): undefined reference to `pthread_create'
collect2: error: ld returned 1 exit status
CMakeFiles/cmTC_22198.dir/build.make:97: recipe for target 'cmTC_22198' failed
make[1]: *** [cmTC_22198] Error 1
make[1]: Leaving directory '/home/nvidia/Robot/algorithm2/build/CMakeFiles/CMakeTmp'
Makefile:126: recipe for target 'cmTC_22198/fast' failed
make: *** [cmTC_22198/fast] Error 2

File /home/nvidia/Robot/algorithm2/build/CMakeFiles/CMakeTmp/CheckSymbolExists.c:
/* */
#include <pthread.h>

int main(int argc, char** argv)
{
  (void)argv;
#ifndef pthread_create
  return ((int*)(&pthread_create))[argc];
#else
  (void)argc;
  return 0;
#endif
}

Determining if the function pthread_create exists in the pthreads failed with the following output:
Change Dir: /home/nvidia/Robot/algorithm2/build/CMakeFiles/CMakeTmp

Run Build Command:"/usr/bin/make" "cmTC_49d0d/fast"
/usr/bin/make -f CMakeFiles/cmTC_49d0d.dir/build.make CMakeFiles/cmTC_49d0d.dir/build
make[1]: Entering directory '/home/nvidia/Robot/algorithm2/build/CMakeFiles/CMakeTmp'
Building C object CMakeFiles/cmTC_49d0d.dir/CheckFunctionExists.c.o
/usr/bin/cc   -fPIC -DCHECK_FUNCTION_EXISTS=pthread_create   -o CMakeFiles/cmTC_49d0d.dir/CheckFunctionExists.c.o   -c /usr/local/share/cmake-3.10/Modules/CheckFunctionExists.c
Linking C executable cmTC_49d0d
/usr/local/bin/cmake -E cmake_link_script CMakeFiles/cmTC_49d0d.dir/link.txt --verbose=1
/usr/bin/cc -fPIC -DCHECK_FUNCTION_EXISTS=pthread_create    -rdynamic CMakeFiles/cmTC_49d0d.dir/CheckFunctionExists.c.o  -o cmTC_49d0d -lpthreads 
/usr/bin/ld: cannot find -lpthreads
collect2: error: ld returned 1 exit status
CMakeFiles/cmTC_49d0d.dir/build.make:97: recipe for target 'cmTC_49d0d' failed
make[1]: *** [cmTC_49d0d] Error 1
make[1]: Leaving directory '/home/nvidia/Robot/algorithm2/build/CMakeFiles/CMakeTmp'
Makefile:126: recipe for target 'cmTC_49d0d/fast' failed
make: *** [cmTC_49d0d/fast] Error 2


